app/build/intermediates/manifest_merge_blame_file/debug/manifest-merger-blame-debug-report.txt
1<?xml version="1.0" encoding="utf-8"?>
2<manifest xmlns:android="http://schemas.android.com/apk/res/android"
3    package="com.example.madcamp"
4    android:versionCode="1"
5    android:versionName="1.0" >
6
7    <uses-sdk
8        android:minSdkVersion="24"
8-->src/main/AndroidManifest.xml
9        android:targetSdkVersion="33" />
9-->src/main/AndroidManifest.xml
10
11    <uses-feature
11-->src/main/AndroidManifest.xml:5:5-7:36
12        android:name="android.hardware.camera"
12-->src/main/AndroidManifest.xml:6:9-47
13        android:required="false" />
13-->src/main/AndroidManifest.xml:7:9-33
14    <uses-feature
14-->src/main/AndroidManifest.xml:5:5-7:36
15        android:name="android.hardware.camera"
15-->src/main/AndroidManifest.xml:6:9-47
16        android:required="false" />
16-->src/main/AndroidManifest.xml:7:9-33
17
18    <uses-permission android:name="android.permission.READ_EXTERNAL_STORAGE" />
18-->src/main/AndroidManifest.xml:12:5-80
18-->src/main/AndroidManifest.xml:12:22-77
19    <uses-permission android:name="android.permission.READ_CONTACTS" />
19-->src/main/AndroidManifest.xml:44:5-72
19-->src/main/AndroidManifest.xml:44:22-69
20    <uses-permission android:name="android.permission.CAMERA" />
20-->src/main/AndroidManifest.xml:45:5-65
20-->src/main/AndroidManifest.xml:45:22-62
21    <uses-permission android:name="android.permission.INTERNET" />
21-->src/main/AndroidManifest.xml:46:5-67
21-->src/main/AndroidManifest.xml:46:22-64
22    <uses-permission android:name="android.permission.RECORD_AUDIO" />
22-->src/main/AndroidManifest.xml:47:5-71
22-->src/main/AndroidManifest.xml:47:22-68
23    <uses-permission android:name="android.permission.READ_EXTERNAL_STORAGE" />
23-->src/main/AndroidManifest.xml:12:5-80
23-->src/main/AndroidManifest.xml:12:22-77
24    <uses-permission android:name="android.permission.MANAGE_EXTERNAL_STORAGE" />
24-->src/main/AndroidManifest.xml:49:5-82
24-->src/main/AndroidManifest.xml:49:22-79
25
26    <application
26-->src/main/AndroidManifest.xml:13:5-43:19
27        android:allowBackup="true"
27-->src/main/AndroidManifest.xml:14:9-35
28        android:appComponentFactory="androidx.core.app.CoreComponentFactory"
28-->[androidx.core:core:1.8.0] AndroidManifest.xml:24:18-86
29        android:dataExtractionRules="@xml/data_extraction_rules"
29-->src/main/AndroidManifest.xml:15:9-65
30        android:debuggable="true"
31        android:extractNativeLibs="false"
32        android:fullBackupContent="@xml/backup_rules"
32-->src/main/AndroidManifest.xml:16:9-54
33        android:icon="@mipmap/ic_launcher"
33-->src/main/AndroidManifest.xml:17:9-43
34        android:label="@string/app_name"
34-->src/main/AndroidManifest.xml:18:9-41
35        android:roundIcon="@mipmap/ic_launcher_round"
35-->src/main/AndroidManifest.xml:19:9-54
36        android:supportsRtl="true"
36-->src/main/AndroidManifest.xml:20:9-35
37        android:testOnly="true"
38        android:theme="@style/Theme.Madcamp" >
38-->src/main/AndroidManifest.xml:21:9-45
39        <activity
39-->src/main/AndroidManifest.xml:23:9-33:20
40            android:name="com.example.madcamp.SplashActivity"
40-->src/main/AndroidManifest.xml:24:13-43
41            android:exported="true"
41-->src/main/AndroidManifest.xml:27:13-36
42            android:screenOrientation="portrait"
42-->src/main/AndroidManifest.xml:26:13-49
43            android:theme="@style/Theme.Madcamp" >
43-->src/main/AndroidManifest.xml:25:13-49
44            <intent-filter>
44-->src/main/AndroidManifest.xml:28:13-32:29
45                <action android:name="android.intent.action.MAIN" />
45-->src/main/AndroidManifest.xml:29:17-69
45-->src/main/AndroidManifest.xml:29:25-66
46
47                <category android:name="android.intent.category.LAUNCHER" />
47-->src/main/AndroidManifest.xml:31:17-77
47-->src/main/AndroidManifest.xml:31:27-74
48            </intent-filter>
49        </activity>
50        <activity
50-->src/main/AndroidManifest.xml:34:9-42:20
51            android:name="com.example.madcamp.MainActivity"
51-->src/main/AndroidManifest.xml:35:13-41
52            android:exported="true" >
52-->src/main/AndroidManifest.xml:36:13-36
53            <intent-filter>
53-->src/main/AndroidManifest.xml:28:13-32:29
54                <action android:name="android.intent.action.MAIN" />
54-->src/main/AndroidManifest.xml:29:17-69
54-->src/main/AndroidManifest.xml:29:25-66
55
56                <category android:name="android.intent.category.LAUNCHER" />
56-->src/main/AndroidManifest.xml:31:17-77
56-->src/main/AndroidManifest.xml:31:27-74
57            </intent-filter>
58        </activity>
59
60        <provider
60-->[androidx.emoji2:emoji2:1.0.0] AndroidManifest.xml:26:9-34:20
61            android:name="androidx.startup.InitializationProvider"
61-->[androidx.emoji2:emoji2:1.0.0] AndroidManifest.xml:27:13-67
62            android:authorities="com.example.madcamp.androidx-startup"
62-->[androidx.emoji2:emoji2:1.0.0] AndroidManifest.xml:28:13-68
63            android:exported="false" >
63-->[androidx.emoji2:emoji2:1.0.0] AndroidManifest.xml:29:13-37
64            <meta-data
64-->[androidx.emoji2:emoji2:1.0.0] AndroidManifest.xml:31:13-33:52
65                android:name="androidx.emoji2.text.EmojiCompatInitializer"
65-->[androidx.emoji2:emoji2:1.0.0] AndroidManifest.xml:32:17-75
66                android:value="androidx.startup" />
66-->[androidx.emoji2:emoji2:1.0.0] AndroidManifest.xml:33:17-49
67            <meta-data
67-->[androidx.lifecycle:lifecycle-process:2.4.0] AndroidManifest.xml:31:13-33:52
68                android:name="androidx.lifecycle.ProcessLifecycleInitializer"
68-->[androidx.lifecycle:lifecycle-process:2.4.0] AndroidManifest.xml:32:17-78
69                android:value="androidx.startup" />
69-->[androidx.lifecycle:lifecycle-process:2.4.0] AndroidManifest.xml:33:17-49
70        </provider>
71    </application>
72
73</manifest>